0 info it worked if it ends with ok
1 verbose cli [ 'C:\\Program Files\\nodejs\\\\node.exe',
1 verbose cli   'C:\\Program Files\\nodejs\\node_modules\\npm\\bin\\npm-cli.js',
1 verbose cli   'install' ]
2 info using npm@2.11.2
3 info using node@v0.12.5
4 verbose readDependencies loading dependencies from c:\Users\Andrey\Git\vdnhtech\build\package.json
5 error install Couldn't read dependencies
6 verbose stack Error: Invalid name: "VDNH tech"
6 verbose stack     at ensureValidName (C:\Program Files\nodejs\node_modules\npm\node_modules\normalize-package-data\lib\fixer.js:326:15)
6 verbose stack     at Object.module.exports.fixNameField (C:\Program Files\nodejs\node_modules\npm\node_modules\normalize-package-data\lib\fixer.js:209:5)
6 verbose stack     at C:\Program Files\nodejs\node_modules\npm\node_modules\normalize-package-data\lib\normalize.js:32:38
6 verbose stack     at Array.forEach (native)
6 verbose stack     at normalize (C:\Program Files\nodejs\node_modules\npm\node_modules\normalize-package-data\lib\normalize.js:31:15)
6 verbose stack     at final (C:\Program Files\nodejs\node_modules\npm\node_modules\read-package-json\read-json.js:338:5)
6 verbose stack     at then (C:\Program Files\nodejs\node_modules\npm\node_modules\read-package-json\read-json.js:113:5)
6 verbose stack     at C:\Program Files\nodejs\node_modules\npm\node_modules\read-package-json\read-json.js:284:20
6 verbose stack     at evalmachine.<anonymous>:263:20
6 verbose stack     at OpenReq.Req.done (C:\Program Files\nodejs\node_modules\npm\node_modules\graceful-fs\graceful-fs.js:141:5)
7 verbose cwd c:\Users\Andrey\Git\vdnhtech\build
8 error Windows_NT 6.3.9600
9 error argv "C:\\Program Files\\nodejs\\\\node.exe" "C:\\Program Files\\nodejs\\node_modules\\npm\\bin\\npm-cli.js" "install"
10 error node v0.12.5
11 error npm  v2.11.2
12 error Invalid name: "VDNH tech"
13 error If you need help, you may report this error at:
13 error     <https://github.com/npm/npm/issues>
14 verbose exit [ 1, true ]
